<?xml version="1.0" encoding="UTF-8"?>
<!-- Generated by org.testng.reporters.JUnitXMLReporter -->
<testsuite ignored="0" hostname="LAPTOP-FNHVNRNU" failures="0" tests="1" name="Test" time="12.415" errors="0" timestamp="2022-08-09T15:18:44 IST">
  <testcase classname="com.crm.Generic_Utility.BaseClass" name="@BeforeClass BC" time="12.345">
    <failure type="org.openqa.selenium.WebDriverException" message="unknown error: failed to change window state to &amp;apos;maximized&amp;apos;, current state is &amp;apos;minimized&amp;apos;
  (Session info: chrome=104.0.5112.79)
Build info: version: &amp;apos;4.3.0&amp;apos;, revision: &amp;apos;a4995e2c09*&amp;apos;
System info: host: &amp;apos;LAPTOP-FNHVNRNU&amp;apos;, ip: &amp;apos;192.168.199.1&amp;apos;, os.name: &amp;apos;Windows 10&amp;apos;, os.arch: &amp;apos;amd64&amp;apos;, os.version: &amp;apos;10.0&amp;apos;, java.version: &amp;apos;16.0.1&amp;apos;
Driver info: org.openqa.selenium.chrome.ChromeDriver
Command: [57b88a75e599a277bfb1727f2398f313, maximizeCurrentWindow {}]
Capabilities {acceptInsecureCerts: false, browserName: chrome, browserVersion: 104.0.5112.79, chrome: {chromedriverVersion: 104.0.5112.79 (3cf3e8c8a07d..., userDataDir: C:\Users\ZEESHA~1\AppData\L...}, goog:chromeOptions: {debuggerAddress: localhost:63659}, networkConnectionEnabled: false, pageLoadStrategy: normal, platformName: WINDOWS, proxy: Proxy(), se:cdp: ws://localhost:63659/devtoo..., se:cdpVersion: 104.0.5112.79, setWindowRect: true, strictFileInteractability: false, timeouts: {implicit: 0, pageLoad: 300000, script: 30000}, unhandledPromptBehavior: dismiss and notify, webauthn:extension:credBlob: true, webauthn:extension:largeBlob: true, webauthn:virtualAuthenticators: true}
Session ID: 57b88a75e599a277bfb1727f2398f313">
      <![CDATA[org.openqa.selenium.WebDriverException: unknown error: failed to change window state to 'maximized', current state is 'minimized'
  (Session info: chrome=104.0.5112.79)
Build info: version: '4.3.0', revision: 'a4995e2c09*'
System info: host: 'LAPTOP-FNHVNRNU', ip: '192.168.199.1', os.name: 'Windows 10', os.arch: 'amd64', os.version: '10.0', java.version: '16.0.1'
Driver info: org.openqa.selenium.chrome.ChromeDriver
Command: [57b88a75e599a277bfb1727f2398f313, maximizeCurrentWindow {}]
Capabilities {acceptInsecureCerts: false, browserName: chrome, browserVersion: 104.0.5112.79, chrome: {chromedriverVersion: 104.0.5112.79 (3cf3e8c8a07d..., userDataDir: C:\Users\ZEESHA~1\AppData\L...}, goog:chromeOptions: {debuggerAddress: localhost:63659}, networkConnectionEnabled: false, pageLoadStrategy: normal, platformName: WINDOWS, proxy: Proxy(), se:cdp: ws://localhost:63659/devtoo..., se:cdpVersion: 104.0.5112.79, setWindowRect: true, strictFileInteractability: false, timeouts: {implicit: 0, pageLoad: 300000, script: 30000}, unhandledPromptBehavior: dismiss and notify, webauthn:extension:credBlob: true, webauthn:extension:largeBlob: true, webauthn:virtualAuthenticators: true}
Session ID: 57b88a75e599a277bfb1727f2398f313
at org.openqa.selenium.remote.codec.w3c.W3CHttpResponseCodec.createException(W3CHttpResponseCodec.java:200)
at org.openqa.selenium.remote.codec.w3c.W3CHttpResponseCodec.decode(W3CHttpResponseCodec.java:133)
at org.openqa.selenium.remote.codec.w3c.W3CHttpResponseCodec.decode(W3CHttpResponseCodec.java:53)
at org.openqa.selenium.remote.HttpCommandExecutor.execute(HttpCommandExecutor.java:184)
at org.openqa.selenium.remote.service.DriverCommandExecutor.invokeExecute(DriverCommandExecutor.java:167)
at org.openqa.selenium.remote.service.DriverCommandExecutor.execute(DriverCommandExecutor.java:142)
at org.openqa.selenium.remote.RemoteWebDriver.execute(RemoteWebDriver.java:569)
at org.openqa.selenium.remote.RemoteWebDriver.execute(RemoteWebDriver.java:624)
at org.openqa.selenium.remote.RemoteWebDriver.execute(RemoteWebDriver.java:628)
at org.openqa.selenium.remote.RemoteWebDriver$RemoteWebDriverOptions$RemoteWindow.maximize(RemoteWebDriver.java:1027)
at com.crm.Generic_Utility.WebDriverUtility.maximize(WebDriverUtility.java:185)
at com.crm.Generic_Utility.BaseClass.BC(BaseClass.java:55)
at java.base/java.util.ArrayList.forEach(ArrayList.java:1511)
... Removed 30 stack frames]]>
    </failure>
  </testcase> <!-- @BeforeClass BC -->
  <testcase classname="com.crm.Generic_Utility.BaseClass" name="@BeforeMethod BM" time="-1.66003852459E9">
    <skipped/>
  </testcase> <!-- @BeforeMethod BM -->
  <testcase classname="com.crm.Generic_Utility.BaseClass" name="@AfterMethod AM" time="-1.660038524599E9">
    <skipped/>
  </testcase> <!-- @AfterMethod AM -->
  <testcase classname="com.crm.Generic_Utility.BaseClass" name="@AfterClass AC" time="-1.660038524602E9">
    <skipped/>
  </testcase> <!-- @AfterClass AC -->
  <testcase classname="com.crm.sdet.product.ProductTest" name="createProduct" time="0.0">
    <skipped/>
  </testcase> <!-- createProduct -->
</testsuite> <!-- Test -->
